Copyright 1986-2019 Xilinx, Inc. All Rights Reserved.
------------------------------------------------------------------------------------
| Tool Version : Vivado v.2019.2 (win64) Build 2708876 Wed Nov  6 21:40:23 MST 2019
| Date         : Thu Sep 26 15:55:55 2024
| Host         : DESKTOP-6O0UNV6 running 64-bit major release  (build 9200)
| Command      : upgrade_ip
| Device       : xc7z020clg484-1
------------------------------------------------------------------------------------

Upgrade Log for IP 'design_1_seven_seg_1_0'

1. Summary
----------

SUCCESS in the upgrade of design_1_seven_seg_1_0 (xilinx.com:user:seven_seg:1.0) from (Rev. 8) to (Rev. 9)






Copyright 1986-2019 Xilinx, Inc. All Rights Reserved.
------------------------------------------------------------------------------------
| Tool Version : Vivado v.2019.2 (win64) Build 2708876 Wed Nov  6 21:40:23 MST 2019
| Date         : Tue Sep 24 19:17:08 2024
| Host         : DESKTOP-6O0UNV6 running 64-bit major release  (build 9200)
| Command      : upgrade_ip
| Device       : xc7z020clg484-1
------------------------------------------------------------------------------------

Upgrade Log for IP 'design_1_seven_seg_1_0'

1. Summary
----------

SUCCESS in the upgrade of design_1_seven_seg_1_0 (xilinx.com:user:seven_seg:1.0) from (Rev. 7) to (Rev. 8)






Copyright 1986-2019 Xilinx, Inc. All Rights Reserved.
------------------------------------------------------------------------------------
| Tool Version : Vivado v.2019.2 (win64) Build 2708876 Wed Nov  6 21:40:23 MST 2019
| Date         : Tue Sep 24 18:52:44 2024
| Host         : DESKTOP-6O0UNV6 running 64-bit major release  (build 9200)
| Command      : upgrade_ip
| Device       : xc7z020clg484-1
------------------------------------------------------------------------------------

Upgrade Log for IP 'design_1_seven_seg_1_0'

1. Summary
----------

SUCCESS in the upgrade of design_1_seven_seg_1_0 (xilinx.com:user:seven_seg:1.0) from (Rev. 6) to (Rev. 7)






Copyright 1986-2019 Xilinx, Inc. All Rights Reserved.
------------------------------------------------------------------------------------
| Tool Version : Vivado v.2019.2 (win64) Build 2708876 Wed Nov  6 21:40:23 MST 2019
| Date         : Tue Sep 24 18:51:27 2024
| Host         : DESKTOP-6O0UNV6 running 64-bit major release  (build 9200)
| Command      : upgrade_ip
| Device       : xc7z020clg484-1
------------------------------------------------------------------------------------

Upgrade Log for IP 'design_1_seven_seg_1_0'

1. Summary
----------

SUCCESS in the conversion of design_1_seven_seg_1_0 (xilinx.com:user:seven_seg:1.0 (Rev. 6)) to Vivado generation flows.






Copyright 1986-2019 Xilinx, Inc. All Rights Reserved.
------------------------------------------------------------------------------------
| Tool Version : Vivado v.2019.2 (win64) Build 2708876 Wed Nov  6 21:40:23 MST 2019
| Date         : Tue Sep 24 08:33:26 2024
| Host         : DESKTOP-6O0UNV6 running 64-bit major release  (build 9200)
| Command      : upgrade_ip
| Device       : xc7z020clg484-1
------------------------------------------------------------------------------------

Upgrade Log for IP 'design_1_seven_seg_1_0'

1. Summary
----------

SUCCESS in the upgrade of design_1_seven_seg_1_0 (xilinx.com:user:seven_seg:1.0) from (Rev. 5) to (Rev. 6)






Copyright 1986-2019 Xilinx, Inc. All Rights Reserved.
------------------------------------------------------------------------------------
| Tool Version : Vivado v.2019.2 (win64) Build 2708876 Wed Nov  6 21:40:23 MST 2019
| Date         : Tue Sep 24 08:32:09 2024
| Host         : DESKTOP-6O0UNV6 running 64-bit major release  (build 9200)
| Command      : upgrade_ip
| Device       : xc7z020clg484-1
------------------------------------------------------------------------------------

Upgrade Log for IP 'design_1_seven_seg_1_0'

1. Summary
----------

SUCCESS in the conversion of design_1_seven_seg_1_0 (xilinx.com:user:seven_seg:1.0 (Rev. 5)) to Vivado generation flows.






Copyright 1986-2019 Xilinx, Inc. All Rights Reserved.
------------------------------------------------------------------------------------
| Tool Version : Vivado v.2019.2 (win64) Build 2708876 Wed Nov  6 21:40:23 MST 2019
| Date         : Tue Sep 24 08:26:25 2024
| Host         : DESKTOP-6O0UNV6 running 64-bit major release  (build 9200)
| Command      : upgrade_ip
| Device       : xc7z020clg484-1
------------------------------------------------------------------------------------

Upgrade Log for IP 'design_1_seven_seg_1_0'

1. Summary
----------

SUCCESS in the conversion of design_1_seven_seg_1_0 (xilinx.com:user:seven_seg:1.0 (Rev. 5)) to Vivado generation flows.






Copyright 1986-2019 Xilinx, Inc. All Rights Reserved.
------------------------------------------------------------------------------------
| Tool Version : Vivado v.2019.2 (win64) Build 2708876 Wed Nov  6 21:40:23 MST 2019
| Date         : Tue Sep 24 08:24:13 2024
| Host         : DESKTOP-6O0UNV6 running 64-bit major release  (build 9200)
| Command      : upgrade_ip
| Device       : xc7z020clg484-1
------------------------------------------------------------------------------------

Upgrade Log for IP 'design_1_seven_seg_1_0'

1. Summary
----------

SUCCESS in the upgrade of design_1_seven_seg_1_0 (xilinx.com:user:seven_seg:1.0) from (Rev. 4) to (Rev. 5)






Copyright 1986-2019 Xilinx, Inc. All Rights Reserved.
------------------------------------------------------------------------------------
| Tool Version : Vivado v.2019.2 (win64) Build 2708876 Wed Nov  6 21:40:23 MST 2019
| Date         : Mon Sep 23 19:35:32 2024
| Host         : DESKTOP-6O0UNV6 running 64-bit major release  (build 9200)
| Command      : upgrade_ip
| Device       : xc7z020clg484-1
------------------------------------------------------------------------------------

Upgrade Log for IP 'design_1_seven_seg_1_0'

1. Summary
----------

CAUTION (success, with warnings) in the upgrade of design_1_seven_seg_1_0 (xilinx.com:user:seven_seg:1.0) from (Rev. 3) to (Rev. 4)

After upgrade, an IP may have parameter and port differences compared to the original customization. Please review the parameters within the IP customization GUI to ensure proper functionality. Also, please review the updated IP instantiation template to ensure proper connectivity, and update your design if required.

2. Connection Warnings
----------------------

Detected external port differences while upgrading 'design_1_seven_seg_1_0'. These changes may impact your design.


-Upgrade has removed port 'o_seg_1'

-Upgrade has removed port 'o_seg_2'

-Upgrade has added port 'o_seg'

-Upgrade has added port 'o_seg_sel'







Copyright 1986-2019 Xilinx, Inc. All Rights Reserved.
------------------------------------------------------------------------------------
| Tool Version : Vivado v.2019.2 (win64) Build 2708876 Wed Nov  6 21:40:23 MST 2019
| Date         : Mon Sep 23 19:33:06 2024
| Host         : DESKTOP-6O0UNV6 running 64-bit major release  (build 9200)
| Command      : upgrade_ip
| Device       : xc7z020clg484-1
------------------------------------------------------------------------------------

Upgrade Log for IP 'design_1_seven_seg_1_0'

1. Summary
----------

SUCCESS in the upgrade of design_1_seven_seg_1_0 (xilinx.com:user:seven_seg:1.0) from (Rev. 2) to (Rev. 3)

