TRACE::2024-09-17.21:29:23::SCWBifWriter::Found the complete platform C:/Users/sssss/OneDrive/vivado_part/2019.2/seven_seg/zed/export/zed/zed.xpfm
TRACE::2024-09-17.21:29:23::SCWBifWriter::hardware databse : design_1_wrapper_1
TRACE::2024-09-17.21:29:23::SCWBifWriter::No bitstream found in the design
TRACE::2024-09-17.21:29:23::SCWBifWriter::Found a baremetal domain, proc: ps7_cortexa9_0
TRACE::2024-09-17.21:29:23::SCWBifWriter::proc type : 
TRACE::2024-09-17.21:29:23::SCWBifWriter::proc[0] : ps7_cortexa9_0
TRACE::2024-09-17.21:29:23::SCWBifWriter::Device type is : zynq
TRACE::2024-09-17.21:29:23::SCWBifWriter::Writing BIF to file : C:/Users/sssss/OneDrive/vivado_part/2019.2/seven_seg/zedboard_system/Debug/system.bif
TRACE::2024-09-17.21:29:23::SCWBifWriter::Writing the Zynq Baremetal bif 
TRACE::2024-09-17.21:31:07::SCWBifWriter::Found the complete platform C:/Users/sssss/OneDrive/vivado_part/2019.2/seven_seg/zed/export/zed/zed.xpfm
TRACE::2024-09-17.21:31:07::SCWBifWriter::hardware databse : design_1_wrapper_1
TRACE::2024-09-17.21:31:07::SCWBifWriter::No bitstream found in the design
TRACE::2024-09-17.21:31:07::SCWBifWriter::Found a baremetal domain, proc: ps7_cortexa9_0
TRACE::2024-09-17.21:31:07::SCWBifWriter::proc type : 
TRACE::2024-09-17.21:31:07::SCWBifWriter::proc[0] : ps7_cortexa9_0
TRACE::2024-09-17.21:31:07::SCWBifWriter::Device type is : zynq
TRACE::2024-09-17.21:31:07::SCWBifWriter::Writing BIF to file : C:/Users/sssss/OneDrive/vivado_part/2019.2/seven_seg/zedboard_system/Debug/system.bif
TRACE::2024-09-17.21:31:07::SCWBifWriter::Writing the Zynq Baremetal bif 
TRACE::2024-09-23.20:50:09::SCWBifWriter::Found the complete platform C:/Users/sssss/OneDrive/vivado_part/2019.2/seven_seg/zed/export/zed/zed.xpfm
TRACE::2024-09-23.20:50:09::SCWBifWriter::hardware databse : design_1_wrapper_0
TRACE::2024-09-23.20:50:09::SCWBifWriter::No bitstream found in the design
TRACE::2024-09-23.20:50:09::SCWBifWriter::Found a baremetal domain, proc: ps7_cortexa9_0
TRACE::2024-09-23.20:50:09::SCWBifWriter::proc type : 
TRACE::2024-09-23.20:50:09::SCWBifWriter::proc[0] : ps7_cortexa9_0
TRACE::2024-09-23.20:50:09::SCWBifWriter::Device type is : zynq
TRACE::2024-09-23.20:50:09::SCWBifWriter::Writing BIF to file : C:/Users/sssss/OneDrive/vivado_part/2019.2/seven_seg/zedboard_system/Debug/system.bif
TRACE::2024-09-23.20:50:09::SCWBifWriter::Writing the Zynq Baremetal bif 
TRACE::2024-09-24.08:42:38::SCWBifWriter::Found the complete platform C:/Users/sssss/OneDrive/vivado_part/2019.2/seven_seg/zed/export/zed/zed.xpfm
TRACE::2024-09-24.08:42:38::SCWBifWriter::hardware databse : design_1_wrapper_1
TRACE::2024-09-24.08:42:38::SCWBifWriter::No bitstream found in the design
TRACE::2024-09-24.08:42:38::SCWBifWriter::Found a baremetal domain, proc: ps7_cortexa9_0
TRACE::2024-09-24.08:42:38::SCWBifWriter::proc type : 
TRACE::2024-09-24.08:42:38::SCWBifWriter::proc[0] : ps7_cortexa9_0
TRACE::2024-09-24.08:42:38::SCWBifWriter::Device type is : zynq
TRACE::2024-09-24.08:42:38::SCWBifWriter::Writing BIF to file : C:/Users/sssss/OneDrive/vivado_part/2019.2/seven_seg/zedboard_system/Debug/system.bif
TRACE::2024-09-24.08:42:38::SCWBifWriter::Writing the Zynq Baremetal bif 
TRACE::2024-09-24.08:43:25::SCWBifWriter::Found the complete platform C:/Users/sssss/OneDrive/vivado_part/2019.2/seven_seg/zed/export/zed/zed.xpfm
TRACE::2024-09-24.08:43:25::SCWBifWriter::hardware databse : design_1_wrapper_1
TRACE::2024-09-24.08:43:25::SCWBifWriter::No bitstream found in the design
TRACE::2024-09-24.08:43:25::SCWBifWriter::Found a baremetal domain, proc: ps7_cortexa9_0
TRACE::2024-09-24.08:43:25::SCWBifWriter::proc type : 
TRACE::2024-09-24.08:43:25::SCWBifWriter::proc[0] : ps7_cortexa9_0
TRACE::2024-09-24.08:43:25::SCWBifWriter::Device type is : zynq
TRACE::2024-09-24.08:43:25::SCWBifWriter::Writing BIF to file : C:/Users/sssss/OneDrive/vivado_part/2019.2/seven_seg/zedboard_system/Debug/system.bif
TRACE::2024-09-24.08:43:25::SCWBifWriter::Writing the Zynq Baremetal bif 
TRACE::2024-09-24.18:58:30::SCWBifWriter::Found the complete platform C:/Users/sssss/OneDrive/vivado_part/2019.2/seven_seg/zed/export/zed/zed.xpfm
TRACE::2024-09-24.18:58:30::SCWBifWriter::hardware databse : design_1_wrapper_2
TRACE::2024-09-24.18:58:30::SCWBifWriter::No bitstream found in the design
TRACE::2024-09-24.18:58:30::SCWBifWriter::Found a baremetal domain, proc: ps7_cortexa9_0
TRACE::2024-09-24.18:58:30::SCWBifWriter::proc type : 
TRACE::2024-09-24.18:58:30::SCWBifWriter::proc[0] : ps7_cortexa9_0
TRACE::2024-09-24.18:58:30::SCWBifWriter::Device type is : zynq
TRACE::2024-09-24.18:58:30::SCWBifWriter::Writing BIF to file : C:/Users/sssss/OneDrive/vivado_part/2019.2/seven_seg/zedboard_system/Debug/system.bif
TRACE::2024-09-24.18:58:30::SCWBifWriter::Writing the Zynq Baremetal bif 
